<?xml version="1.0" encoding="UTF-8"?>
<!-- Generated by org.testng.reporters.JUnitReportReporter -->
<testsuite skipped="0" hostname="Ankur" name="org.qsp.testPom.TC_03" tests="1" failures="0" timestamp="10 Aug 2020 06:07:35 GMT" time="41.038" errors="0">
  <testcase name="forgetPassword" time="41.038" classname="org.qsp.testPom.TC_03"/>
</testsuite> <!-- org.qsp.testPom.TC_03 -->
